<?xml version="1.0" encoding="UTF-8"?>
<testsuites name="New Test Suite 2" time="62.77" tests="2" failures="0" errors="0">
   <testsuite name="New Test Suite 2" tests="2" failures="0" errors="0" time="62.77" timestamp="2020-04-13 12:03:25" hostname="KBB-7LMFJR2LT$ - KBB-7LMFJR2LT.man.co" id="Test Suites/New Test Suite 2">
      <properties>
         <property name="deviceName" value=""/>
         <property name="devicePlatform" value=""/>
         <property name="logFolder" value="C:\\Users\\gnguyen1\\git\\KatalonTest1\\Reports\\20200413_120324\\New Test Suite 2\\20200413_120324"/>
         <property name="logFiles" value="C:\\Users\\gnguyen1\\git\\KatalonTest1\\Reports\\20200413_120324\\New Test Suite 2\\20200413_120324\\execution0.log"/>
         <property name="attachments" value=""/>
         <property name="hostName" value="KBB-7LMFJR2LT$ - KBB-7LMFJR2LT.man.co"/>
         <property name="os" value="Windows 10 64bit"/>
         <property name="katalonVersion" value="7.3.0.1"/>
         <property name="browser" value="Chrome 80.0.3987.163"/>
         <property name="hostAddress" value="192.168.1.65"/>
         <property name="sessionId" value="7bc2df6b1d160d1e9f2820cafbc3351e"/>
         <property name="seleniumVersion" value="3.141.59"/>
         <property name="proxyInformation" value="ProxyInformation{proxyOption=NO_PROXY, proxyServerType=HTTP, password=, proxyServerAddress=, proxyServerPort=0, executionList=}"/>
         <property name="platform" value="Windows 10"/>
      </properties>
      <testcase name="Test Cases/Login and Logout" time="45.994" classname="Test Cases/Login and Logout" status="PASSED">
         <system-out><![CDATA[2020-04-13 12:03:26 - [TEST_CASE][PASSED] - Test Cases/Login and Logout: Test Cases/Login and Logout

2020-04-13 12:03:26 - [TEST_STEP][PASSED] - openBrowser(""): Browser is opened with url: ''

2020-04-13 12:03:26 - [MESSAGE][INFO] - Starting 'Chrome' driver

2020-04-13 12:03:26 - [MESSAGE][INFO] - Action delay is set to 0 milliseconds

2020-04-13 12:03:42 - [MESSAGE][PASSED] - Browser is opened with url: ''

2020-04-13 12:03:42 - [TEST_STEP][PASSED] - navigateToUrl("https://opensource-demo.orangehrmlive.com/"): Navigate to 'https://opensource-demo.orangehrmlive.com/' successfully

2020-04-13 12:03:53 - [MESSAGE][PASSED] - Navigate to 'https://opensource-demo.orangehrmlive.com/' successfully

2020-04-13 12:03:53 - [TEST_STEP][PASSED] - setText(findTestObject("Object Repository/Page_OrangeHRM/input_LOGIN Panel_txtUsername"), "Admin"): Text 'Admin' is set on object 'Object Repository/Page_OrangeHRM/input_LOGIN Panel_txtUsername'

2020-04-13 12:04:07 - [MESSAGE][PASSED] - Text 'Admin' is set on object 'Object Repository/Page_OrangeHRM/input_LOGIN Panel_txtUsername'

2020-04-13 12:04:07 - [TEST_STEP][PASSED] - setEncryptedText(findTestObject("Object Repository/Page_OrangeHRM/input_Username_txtPassword"), "hUKwJTbofgPU9eVlw/CnDQ=="): Text ****** has been set on object 'Object Repository/Page_OrangeHRM/input_Username_txtPassword'

2020-04-13 12:04:08 - [MESSAGE][PASSED] - Text ****** has been set on object 'Object Repository/Page_OrangeHRM/input_Username_txtPassword'

2020-04-13 12:04:08 - [TEST_STEP][PASSED] - click(findTestObject("Object Repository/Page_OrangeHRM/input_Password_Submit")): Object: 'Object Repository/Page_OrangeHRM/input_Password_Submit' is clicked on

2020-04-13 12:04:09 - [MESSAGE][PASSED] - Object: 'Object Repository/Page_OrangeHRM/input_Password_Submit' is clicked on

2020-04-13 12:04:09 - [TEST_STEP][PASSED] - click(findTestObject("Object Repository/Page_OrangeHRM/a_Welcome Admin")): Object: 'Object Repository/Page_OrangeHRM/a_Welcome Admin' is clicked on

2020-04-13 12:04:10 - [MESSAGE][PASSED] - Object: 'Object Repository/Page_OrangeHRM/a_Welcome Admin' is clicked on

2020-04-13 12:04:10 - [TEST_STEP][PASSED] - click(findTestObject("Object Repository/Page_OrangeHRM/a_Logout")): Object: 'Object Repository/Page_OrangeHRM/a_Logout' is clicked on

2020-04-13 12:04:11 - [MESSAGE][PASSED] - Object: 'Object Repository/Page_OrangeHRM/a_Logout' is clicked on

2020-04-13 12:04:11 - [TEST_STEP][PASSED] - closeBrowser(): Browser is closed

2020-04-13 12:04:12 - [MESSAGE][PASSED] - Browser is closed]]></system-out>
         <system-err><![CDATA[]]></system-err>
      </testcase>
      <testcase name="Test Cases/View Users list and Search User" time="16.455" classname="Test Cases/View Users list and Search User" status="PASSED">
         <system-out><![CDATA[2020-04-13 12:04:12 - [TEST_CASE][PASSED] - Test Cases/View Users list and Search User: Test Cases/View Users list and Search User

2020-04-13 12:04:12 - [TEST_STEP][PASSED] - openBrowser(""): Browser is opened with url: ''

2020-04-13 12:04:12 - [MESSAGE][INFO] - Starting 'Chrome' driver

2020-04-13 12:04:12 - [MESSAGE][INFO] - Action delay is set to 0 milliseconds

2020-04-13 12:04:18 - [MESSAGE][PASSED] - Browser is opened with url: ''

2020-04-13 12:04:18 - [TEST_STEP][PASSED] - navigateToUrl("https://opensource-demo.orangehrmlive.com/"): Navigate to 'https://opensource-demo.orangehrmlive.com/' successfully

2020-04-13 12:04:18 - [MESSAGE][PASSED] - Navigate to 'https://opensource-demo.orangehrmlive.com/' successfully

2020-04-13 12:04:18 - [TEST_STEP][PASSED] - setText(findTestObject("Page_OrangeHRM/input_LOGIN Panel_txtUsername"), "Admin"): Text 'Admin' is set on object 'Object Repository/Page_OrangeHRM/input_LOGIN Panel_txtUsername'

2020-04-13 12:04:19 - [MESSAGE][PASSED] - Text 'Admin' is set on object 'Object Repository/Page_OrangeHRM/input_LOGIN Panel_txtUsername'

2020-04-13 12:04:19 - [TEST_STEP][PASSED] - setEncryptedText(findTestObject("Page_OrangeHRM/input_Username_txtPassword"), "hUKwJTbofgPU9eVlw/CnDQ=="): Text ****** has been set on object 'Object Repository/Page_OrangeHRM/input_Username_txtPassword'

2020-04-13 12:04:20 - [MESSAGE][PASSED] - Text ****** has been set on object 'Object Repository/Page_OrangeHRM/input_Username_txtPassword'

2020-04-13 12:04:20 - [TEST_STEP][PASSED] - click(findTestObject("Page_OrangeHRM/input_Password_Submit")): Object: 'Object Repository/Page_OrangeHRM/input_Password_Submit' is clicked on

2020-04-13 12:04:21 - [MESSAGE][PASSED] - Object: 'Object Repository/Page_OrangeHRM/input_Password_Submit' is clicked on

2020-04-13 12:04:21 - [TEST_STEP][PASSED] - click(findTestObject("Object Repository/Page_OrangeHRM/b_Admin")): Object: 'Object Repository/Page_OrangeHRM/b_Admin' is clicked on

2020-04-13 12:04:23 - [MESSAGE][PASSED] - Object: 'Object Repository/Page_OrangeHRM/b_Admin' is clicked on

2020-04-13 12:04:23 - [TEST_STEP][PASSED] - click(findTestObject("Object Repository/Page_OrangeHRM/a_User Management")): Object: 'Object Repository/Page_OrangeHRM/a_User Management' is clicked on

2020-04-13 12:04:23 - [MESSAGE][PASSED] - Object: 'Object Repository/Page_OrangeHRM/a_User Management' is clicked on

2020-04-13 12:04:23 - [TEST_STEP][PASSED] - click(findTestObject("Object Repository/Page_OrangeHRM/a_Users")): Object: 'Object Repository/Page_OrangeHRM/a_Users' is clicked on

2020-04-13 12:04:24 - [MESSAGE][PASSED] - Object: 'Object Repository/Page_OrangeHRM/a_Users' is clicked on

2020-04-13 12:04:24 - [TEST_STEP][PASSED] - setText(findTestObject("Object Repository/Page_OrangeHRM/input_Username_searchSystemUseruserName"), "Fiona"): Text 'Fiona' is set on object 'Object Repository/Page_OrangeHRM/input_Username_searchSystemUseruserName'

2020-04-13 12:04:24 - [MESSAGE][PASSED] - Text 'Fiona' is set on object 'Object Repository/Page_OrangeHRM/input_Username_searchSystemUseruserName'

2020-04-13 12:04:24 - [TEST_STEP][PASSED] - click(findTestObject("Object Repository/Page_OrangeHRM/input_Status__search")): Object: 'Object Repository/Page_OrangeHRM/input_Status__search' is clicked on

2020-04-13 12:04:25 - [MESSAGE][PASSED] - Object: 'Object Repository/Page_OrangeHRM/input_Status__search' is clicked on

2020-04-13 12:04:25 - [TEST_STEP][PASSED] - setText(findTestObject("Object Repository/Page_OrangeHRM/input_Username_searchSystemUseruserName"), "Fiona.grace"): Text 'Fiona.grace' is set on object 'Object Repository/Page_OrangeHRM/input_Username_searchSystemUseruserName'

2020-04-13 12:04:26 - [MESSAGE][PASSED] - Text 'Fiona.grace' is set on object 'Object Repository/Page_OrangeHRM/input_Username_searchSystemUseruserName'

2020-04-13 12:04:26 - [TEST_STEP][PASSED] - click(findTestObject("Object Repository/Page_OrangeHRM/input_Status__search")): Object: 'Object Repository/Page_OrangeHRM/input_Status__search' is clicked on

2020-04-13 12:04:26 - [MESSAGE][PASSED] - Object: 'Object Repository/Page_OrangeHRM/input_Status__search' is clicked on

2020-04-13 12:04:26 - [TEST_STEP][PASSED] - click(findTestObject("Page_OrangeHRM/a_Welcome Admin")): Object: 'Object Repository/Page_OrangeHRM/a_Welcome Admin' is clicked on

2020-04-13 12:04:27 - [MESSAGE][PASSED] - Object: 'Object Repository/Page_OrangeHRM/a_Welcome Admin' is clicked on

2020-04-13 12:04:27 - [TEST_STEP][PASSED] - click(findTestObject("Page_OrangeHRM/a_Logout")): Object: 'Object Repository/Page_OrangeHRM/a_Logout' is clicked on

2020-04-13 12:04:28 - [MESSAGE][PASSED] - Object: 'Object Repository/Page_OrangeHRM/a_Logout' is clicked on

2020-04-13 12:04:28 - [TEST_STEP][PASSED] - closeBrowser(): Browser is closed

2020-04-13 12:04:28 - [MESSAGE][PASSED] - Browser is closed]]></system-out>
         <system-err><![CDATA[]]></system-err>
      </testcase>
      <system-out><![CDATA[2020-04-13 12:03:25 - [TEST_SUITE][PASSED] - New Test Suite 2: Test Cases/View Users list and Search User]]></system-out>
      <system-err><![CDATA[]]></system-err>
   </testsuite>
</testsuites>
